Arguments: 
  /usr/bin/node /usr/bin/yarn start

PATH: 
  /usr/local/sbin:/usr/local/bin:/usr/sbin:/usr/bin:/sbin:/bin:/usr/games:/usr/local/games:/snap/bin:/usr/lib/jvm/java-8-oracle/bin:/usr/lib/jvm/java-8-oracle/db/bin:/usr/lib/jvm/java-8-oracle/jre/bin:/usr/lib/jvm/java-8-oracle/bin:/usr/lib/jvm/java-8-oracle/db/bin:/usr/lib/jvm/java-8-oracle/jre/bin

Yarn version: 
  1.6.0

Node version: 
  8.11.1

Platform: 
  linux x64

Trace: 
  SyntaxError: /home/zhusmansan/Work/hackDay/vvsar/package.json: Unexpected token / in JSON at position 231
      at JSON.parse (<anonymous>)
      at /usr/lib/node_modules/yarn/lib/cli.js:1130:59
      at Generator.next (<anonymous>)
      at step (/usr/lib/node_modules/yarn/lib/cli.js:98:30)
      at /usr/lib/node_modules/yarn/lib/cli.js:109:13
      at <anonymous>

npm manifest: 
  {
    "name": "hackaton",
    "version": "1.0.0",
    "main": "index.js",
    "repository": "http://digitalbanana.ru:8888/zhusmansan/digitaltataren.git",
    "author": "Sim Dim <simdim555@gmail.com>",
    "license": "MIT",
    "private": true
    // ,
    // "scripts": {
    //   "client:start": "cd hackaton-client && yarn start",
    //   "server:start": "cd hackaton-server && yarn start",
    //   "start": "yarn client:start & yarn server:start"
    // }
  }

yarn manifest: 
  No manifest

Lockfile: 
  # THIS IS AN AUTOGENERATED FILE. DO NOT EDIT THIS FILE DIRECTLY.
  # yarn lockfile v1
